2024-04-29 14:35:15.429 [main] DEBUG Horse - Создание Horse, имя [Bucephalus], скорость [2.4]
2024-04-29 14:35:15.433 [main] DEBUG Horse - Создание Horse, имя [Ace of Spades], скорость [2.5]
2024-04-29 14:35:15.433 [main] DEBUG Horse - Создание Horse, имя [Zephyr], скорость [2.6]
2024-04-29 14:35:15.433 [main] DEBUG Horse - Создание Horse, имя [Blaze], скорость [2.7]
2024-04-29 14:35:15.433 [main] DEBUG Horse - Создание Horse, имя [Lobster], скорость [2.8]
2024-04-29 14:35:15.434 [main] DEBUG Horse - Создание Horse, имя [Pegasus], скорость [2.9]
2024-04-29 14:35:15.434 [main] DEBUG Horse - Создание Horse, имя [Cherry], скорость [3.0]
2024-04-29 14:35:15.438 [main] DEBUG Hippodrome - Создание Hippodrome, лошадей [7]
2024-04-29 14:35:15.439 [main] INFO  Main - Начало скачек. Количество участников: 7
2024-04-29 14:35:35.594 [main] INFO  Main - Окончание скачек. Победитель: Cherry
2024-04-29 14:36:50.389 [main] DEBUG Horse - Создание Horse, имя [Bucephalus], скорость [2.4]
2024-04-29 14:36:50.392 [main] DEBUG Horse - Создание Horse, имя [Ace of Spades], скорость [2.5]
2024-04-29 14:36:50.392 [main] DEBUG Horse - Создание Horse, имя [Zephyr], скорость [2.6]
2024-04-29 14:36:50.392 [main] DEBUG Horse - Создание Horse, имя [Blaze], скорость [2.7]
2024-04-29 14:36:50.392 [main] DEBUG Horse - Создание Horse, имя [Lobster], скорость [2.8]
2024-04-29 14:36:50.393 [main] DEBUG Horse - Создание Horse, имя [Pegasus], скорость [2.9]
2024-04-29 14:36:50.393 [main] DEBUG Horse - Создание Horse, имя [Cherry], скорость [3.0]
2024-04-29 14:36:50.397 [main] DEBUG Hippodrome - Создание Hippodrome, лошадей [7]
2024-04-29 14:36:50.397 [main] INFO  Main - Начало скачек. Количество участников: 7
2024-04-29 14:37:10.553 [main] INFO  Main - Окончание скачек. Победитель: Cherry
